0 info it worked if it ends with ok
1 verbose cli [ 'd:\\Programs\\nodejs\\node.exe',
1 verbose cli   'd:\\Programs\\nodejs\\node_modules\\npm\\bin\\npm-cli.js',
1 verbose cli   'run',
1 verbose cli   'graphite-mock' ]
2 info using npm@1.4.23
3 info using node@v0.10.31
4 verbose run-script [ 'pregraphite-mock', 'graphite-mock', 'postgraphite-mock' ]
5 info pregraphite-mock ferlog@0.0.1
6 info graphite-mock ferlog@0.0.1
7 verbose unsafe-perm in lifecycle true
8 info ferlog@0.0.1 Failed to exec graphite-mock script
9 error ferlog@0.0.1 graphite-mock: `node4 --use_strict test/graphite-mock.js`
9 error Exit status 1
10 error Failed at the ferlog@0.0.1 graphite-mock script.
10 error This is most likely a problem with the ferlog package,
10 error not with npm itself.
10 error Tell the author that this fails on your system:
10 error     node4 --use_strict test/graphite-mock.js
10 error You can get their info via:
10 error     npm owner ls ferlog
10 error There is likely additional logging output above.
11 error System Windows_NT 6.1.7601
12 error command "d:\\Programs\\nodejs\\node.exe" "d:\\Programs\\nodejs\\node_modules\\npm\\bin\\npm-cli.js" "run" "graphite-mock"
13 error cwd d:\Projects\Git\ferlog
14 error node -v v0.10.31
15 error npm -v 1.4.23
16 error code ELIFECYCLE
17 verbose exit [ 1, true ]
